{
  message: 'Date: 1677175152430 \n' +
    ' Error while running placeOrder\n' +
    ' ReferenceError: req is not defined',
  level: 'error',
  timestamp: '2023-02-23T17:59:12.430Z'
}
{
  message: 'Date: 1677175180672 \n' +
    ' Error while running placeOrder\n' +
    ' ReferenceError: req is not defined',
  level: 'error',
  timestamp: '2023-02-23T17:59:40.672Z'
}
{
  message: 'Date: 1677175226692 \n' +
    ' Error while running placeOrder\n' +
    ' ReferenceError: req is not defined',
  level: 'error',
  timestamp: '2023-02-23T18:00:26.692Z'
}
{
  message: 'Date: 1677175804172 \n' +
    ' Error while running placeOrder\n' +
    ' ReferenceError: modelDat is not defined',
  level: 'error',
  timestamp: '2023-02-23T18:10:04.172Z'
}
{
  message: 'Date: 1677175892535 \n' +
    ' Error while running addToCart\n' +
    " TypeError: Cannot read properties of undefined (reading 'find')",
  level: 'error',
  timestamp: '2023-02-23T18:11:32.535Z'
}
{
  message: 'Date: 1677175920174 \n' +
    ' Error while running placeOrder\n' +
    ' DocumentNotFoundError: No document found for query "{ _id: new ObjectId("63f7ac6056806c3ab99bbcd8") }" on model "orders"',
  level: 'error',
  timestamp: '2023-02-23T18:12:00.174Z'
}
{
  message: 'Date: 1677175990278 \n' +
    ' Error while running placeOrder\n' +
    ' DocumentNotFoundError: No document found for query "{ _id: new ObjectId("63f7acb12ae9841e3bd897fe") }" on model "orders"',
  level: 'error',
  timestamp: '2023-02-23T18:13:10.278Z'
}
{
  message: 'Date: 1677176017977 \n' +
    ' Error while running placeOrder\n' +
    ' DocumentNotFoundError: No document found for query "{ _id: new ObjectId("63f7acb12ae9841e3bd897fe") }" on model "orders"',
  level: 'error',
  timestamp: '2023-02-23T18:13:37.977Z'
}
{
  message: 'Date: 1677176078800 \n' +
    ' Error while running placeOrder aca\n' +
    ' DocumentNotFoundError: No document found for query "{ _id: new ObjectId("63f7acb12ae9841e3bd897fe") }" on model "orders"',
  level: 'error',
  timestamp: '2023-02-23T18:14:38.801Z'
}
{
  message: 'Date: 1677176284526 \n' +
    ' Error while running placeOrder\n' +
    ' DocumentNotFoundError: No document found for query "{ _id: new ObjectId("63f7acb12ae9841e3bd897fe") }" on model "orders"',
  level: 'error',
  timestamp: '2023-02-23T18:18:04.526Z'
}
{
  message: 'Date: 1677176365236 \n' +
    ' Error while running placeOrder\n' +
    ' DocumentNotFoundError: No document found for query "{ _id: new ObjectId("63f7acb12ae9841e3bd897fe") }" on model "orders"',
  level: 'error',
  timestamp: '2023-02-23T18:19:25.236Z'
}
{
  message: 'Date: 1677176848554 \n' +
    ' Error while running placeOrder\n' +
    ' DocumentNotFoundError: No document found for query "{ _id: new ObjectId("63f7acb12ae9841e3bd897fe") }" on model "orders"',
  level: 'error',
  timestamp: '2023-02-23T18:27:28.554Z'
}
{
  message: 'Date: 1677177069152 \n' +
    ' Error while running placeOrder\n' +
    ' DocumentNotFoundError: No document found for query "{ _id: new ObjectId("63f7acb12ae9841e3bd897fe") }" on model "orders"',
  level: 'error',
  timestamp: '2023-02-23T18:31:09.152Z'
}
{
  message: 'Date: 1677177128520 \n' +
    ' Error while running placeOrder\n' +
    ' DocumentNotFoundError: No document found for query "{ _id: new ObjectId("63f7acb12ae9841e3bd897fe") }" on model "orders"',
  level: 'error',
  timestamp: '2023-02-23T18:32:08.520Z'
}
{
  message: 'Date: 1677177191015 \n' +
    ' Error while running placeOrder\n' +
    ' DocumentNotFoundError: No document found for query "{ _id: new ObjectId("63f7acb12ae9841e3bd897fe") }" on model "orders"',
  level: 'error',
  timestamp: '2023-02-23T18:33:11.015Z'
}
{
  message: 'Date: 1677177286657 \n' +
    ' Error while running placeOrder\n' +
    ' ReferenceError: vcart is not defined',
  level: 'error',
  timestamp: '2023-02-23T18:34:46.657Z'
}
